<?xml version="1.0" encoding="UTF-8"?>
<testsuite name="com.example.springreactivetut.SpringreactivetutApplicationTests" tests="1" skipped="0" failures="0" errors="0" timestamp="2024-11-26T18:37:01" hostname="DESKTOP-7BQAVI7" time="6.521">
  <properties/>
  <testcase name="test()" classname="com.example.springreactivetut.SpringreactivetutApplicationTests" time="6.521"/>
  <system-out><![CDATA[00:06:59.871 [Test worker] INFO org.springframework.test.context.support.AnnotationConfigContextLoaderUtils -- Could not detect default configuration classes for test class [com.example.springreactivetut.SpringreactivetutApplicationTests]: SpringreactivetutApplicationTests does not declare any static, non-private, non-final, nested classes annotated with @Configuration.
00:06:59.957 [Test worker] INFO org.springframework.boot.test.context.SpringBootTestContextBootstrapper -- Found @SpringBootConfiguration com.example.springreactivetut.SpringreactivetutApplication for test class com.example.springreactivetut.SpringreactivetutApplicationTests

  .   ____          _            __ _ _
 /\\ / ___'_ __ _ _(_)_ __  __ _ \ \ \ \
( ( )\___ | '_ | '_| | '_ \/ _` | \ \ \ \
 \\/  ___)| |_)| | | | | || (_| |  ) ) ) )
  '  |____| .__|_| |_|_| |_\__, | / / / /
 =========|_|==============|___/=/_/_/_/

 :: Spring Boot ::                (v3.3.6)

2024-11-27T00:07:00.194+05:30  INFO 948 --- [springreactivetut] [    Test worker] c.e.s.SpringreactivetutApplicationTests  : Starting SpringreactivetutApplicationTests using Java 17.0.13 with PID 948 (started by user in E:\drive B\Chand's important\java tutorial\Spring-reactiveTut)
2024-11-27T00:07:00.195+05:30  INFO 948 --- [springreactivetut] [    Test worker] c.e.s.SpringreactivetutApplicationTests  : No active profile set, falling back to 1 default profile: "default"
2024-11-27T00:07:00.506+05:30  INFO 948 --- [springreactivetut] [    Test worker] .s.d.r.c.RepositoryConfigurationDelegate : Bootstrapping Spring Data Reactive MongoDB repositories in DEFAULT mode.
2024-11-27T00:07:00.518+05:30  INFO 948 --- [springreactivetut] [    Test worker] .s.d.r.c.RepositoryConfigurationDelegate : Finished Spring Data repository scanning in 8 ms. Found 0 Reactive MongoDB repository interfaces.
2024-11-27T00:07:00.855+05:30  INFO 948 --- [springreactivetut] [    Test worker] org.mongodb.driver.client                : MongoClient with metadata {"driver": {"name": "mongo-java-driver|reactive-streams|spring-boot", "version": "5.0.1"}, "os": {"type": "Windows", "name": "Windows 11", "architecture": "amd64", "version": "10.0"}, "platform": "Java/Amazon.com Inc./17.0.13+11-LTS"} created with settings MongoClientSettings{readPreference=primary, writeConcern=WriteConcern{w=null, wTimeout=null ms, journal=null}, retryWrites=true, retryReads=true, readConcern=ReadConcern{level=null}, credential=null, transportSettings=NettyTransportSettings{eventLoopGroup=io.netty.channel.nio.NioEventLoopGroup@3ba1308d, socketChannelClass=null, allocator=null, sslContext=null}, commandListeners=[], codecRegistry=ProvidersCodecRegistry{codecProviders=[ValueCodecProvider{}, BsonValueCodecProvider{}, DBRefCodecProvider{}, DBObjectCodecProvider{}, DocumentCodecProvider{}, CollectionCodecProvider{}, IterableCodecProvider{}, MapCodecProvider{}, GeoJsonCodecProvider{}, GridFSFileCodecProvider{}, Jsr310CodecProvider{}, JsonObjectCodecProvider{}, BsonCodecProvider{}, EnumCodecProvider{}, com.mongodb.client.model.mql.ExpressionCodecProvider@5a08b084, com.mongodb.Jep395RecordCodecProvider@235c997d, com.mongodb.KotlinCodecProvider@36bed37a]}, loggerSettings=LoggerSettings{maxDocumentLength=1000}, clusterSettings={hosts=[localhost:27017], srvServiceName=mongodb, mode=SINGLE, requiredClusterType=UNKNOWN, requiredReplicaSetName='null', serverSelector='null', clusterListeners='[]', serverSelectionTimeout='30000 ms', localThreshold='15 ms'}, socketSettings=SocketSettings{connectTimeoutMS=10000, readTimeoutMS=0, receiveBufferSize=0, proxySettings=ProxySettings{host=null, port=null, username=null, password=null}}, heartbeatSocketSettings=SocketSettings{connectTimeoutMS=10000, readTimeoutMS=10000, receiveBufferSize=0, proxySettings=ProxySettings{host=null, port=null, username=null, password=null}}, connectionPoolSettings=ConnectionPoolSettings{maxSize=100, minSize=0, maxWaitTimeMS=120000, maxConnectionLifeTimeMS=0, maxConnectionIdleTimeMS=0, maintenanceInitialDelayMS=0, maintenanceFrequencyMS=60000, connectionPoolListeners=[], maxConnecting=2}, serverSettings=ServerSettings{heartbeatFrequencyMS=10000, minHeartbeatFrequencyMS=500, serverListeners='[]', serverMonitorListeners='[]'}, sslSettings=SslSettings{enabled=false, invalidHostNameAllowed=false, context=null}, applicationName='null', compressorList=[], uuidRepresentation=JAVA_LEGACY, serverApi=null, autoEncryptionSettings=null, dnsClient=null, inetAddressResolver=null, contextProvider=null}
2024-11-27T00:07:00.929+05:30  INFO 948 --- [springreactivetut] [localhost:27017] org.mongodb.driver.cluster               : Monitor thread successfully connected to server with description ServerDescription{address=localhost:27017, type=STANDALONE, state=CONNECTED, ok=true, minWireVersion=0, maxWireVersion=25, maxDocumentSize=16777216, logicalSessionTimeoutMinutes=30, roundTripTimeNanos=36563000}
2024-11-27T00:07:01.309+05:30  INFO 948 --- [springreactivetut] [    Test worker] c.e.s.SpringreactivetutApplicationTests  : Started SpringreactivetutApplicationTests in 1.244 seconds (process running for 1.987)
nonDefer:1732646221789
nonDefer:1732646221789
defer:1732646225812
defer:1732646227821
]]></system-out>
  <system-err><![CDATA[]]></system-err>
</testsuite>
